[debug] [2020-04-01T01:26:50.062Z] ----------------------------------------------------------------------
[debug] [2020-04-01T01:26:50.064Z] Command:       /usr/local/bin/node /usr/local/bin/firebase deploy --only hosting:ayudaaunartista
[debug] [2020-04-01T01:26:50.064Z] CLI Version:   7.13.0
[debug] [2020-04-01T01:26:50.064Z] Platform:      darwin
[debug] [2020-04-01T01:26:50.064Z] Node Version:  v12.16.0
[debug] [2020-04-01T01:26:50.065Z] Time:          Wed Apr 01 2020 03:26:50 GMT+0200 (GMT+02:00)
[debug] [2020-04-01T01:26:50.065Z] ----------------------------------------------------------------------
[debug] [2020-04-01T01:26:50.065Z] 
[debug] [2020-04-01T01:26:50.072Z] > command requires scopes: ["email","openid","https://www.googleapis.com/auth/cloudplatformprojects.readonly","https://www.googleapis.com/auth/firebase","https://www.googleapis.com/auth/cloud-platform"]
[debug] [2020-04-01T01:26:50.072Z] > authorizing via signed-in user
[debug] [2020-04-01T01:26:50.072Z] [iam] checking project ayudaaunar for permissions ["firebase.projects.get","firebasehosting.sites.update"]
[debug] [2020-04-01T01:26:50.073Z] >>> HTTP REQUEST POST https://cloudresourcemanager.googleapis.com/v1/projects/ayudaaunar:testIamPermissions  

[debug] [2020-04-01T01:26:50.957Z] <<< HTTP RESPONSE 200
[debug] [2020-04-01T01:26:50.959Z] >>> HTTP REQUEST GET https://firebase.googleapis.com/v1beta1/projects/ayudaaunar  
 
[debug] [2020-04-01T01:26:51.194Z] <<< HTTP RESPONSE 200
[info] 
[info] === Deploying to 'ayudaaunar'...
[info] 
[info] i  deploying hosting
[info] 
[info] ✔  Deploy complete!
[info] 
[info] Project Console: https://console.firebase.google.com/project/ayudaaunar/overview
[debug] [2020-04-01T01:26:51.294Z] TypeError: Cannot read property 'deploys' of undefined
    at /usr/local/lib/node_modules/firebase-tools/lib/deploy/index.js:84:36
    at processTicksAndRejections (internal/process/task_queues.js:97:5)
[error] 
[error] Error: An unexpected error has occurred.
